  Application.cpp
C:\Users\mikhail7975\Documents\GitHub\GraphicProject\GraphicsEngine\Sources\GraphicsEngine\Math.h(75,14): warning C4244: return: преобразование "double" в "float", возможна потеря данных
  Camera.cpp
C:\Users\mikhail7975\Documents\GitHub\GraphicProject\GraphicsEngine\Sources\GraphicsEngine\Math.h(75,14): warning C4244: return: преобразование "double" в "float", возможна потеря данных
  Directory.cpp
  DX11ConstantBuffer.cpp
  DX11GraphicsDevice.cpp
  DX11GraphicsEngine.cpp
  DX11GraphicsEngineFabric.cpp
  DX11GUI.cpp
  DX11Material.cpp
  DX11Mesh.cpp
  DX11PixelShader.cpp
  DX11RenderTexture.cpp
  DX11Texture2D.cpp
  DX11TextureSampler.cpp
  DX11VertexShader.cpp
  DX9FixedFunctionPipeline.cpp
  DX9GraphicsDevice.cpp
  DX9GraphicsEngine.cpp
  DX9GraphicsEngineFabric.cpp
  DX9Material.cpp
  Компиляция...
  DX9Mesh.cpp
  DX9PixelShader.cpp
  DX9RenderTexture.cpp
  DX9Texture2D.cpp
  DX9TextureSampler.cpp
  DX9VertexShader.cpp
  DX9GUI.cpp
  GL20GraphicsDevice.cpp
  GL20GraphicsEngine.cpp
C:\Users\mikhail7975\Documents\GitHub\GraphicProject\GraphicsEngine\Sources\GraphicsEngine\Math.h(75,14): warning C4244: return: преобразование "double" в "float", возможна потеря данных
  GL20GraphicsEngineFabric.cpp
C:\Users\mikhail7975\Documents\GitHub\GraphicProject\GraphicsEngine\Sources\GraphicsEngine\Math.h(75,14): warning C4244: return: преобразование "double" в "float", возможна потеря данных
  GL20GUI.cpp
  GL20Input.cpp
C:\Users\mikhail7975\Documents\GitHub\GraphicProject\GraphicsEngine\Sources\GraphicsEngine\Math.h(75,14): warning C4244: return: преобразование "double" в "float", возможна потеря данных
  GL20Material.cpp
C:\Users\mikhail7975\Documents\GitHub\GraphicProject\GraphicsEngine\Sources\GraphicsEngine\Math.h(75,14): warning C4244: return: преобразование "double" в "float", возможна потеря данных
  GL20Mesh.cpp
C:\Users\mikhail7975\Documents\GitHub\GraphicProject\GraphicsEngine\Sources\GraphicsEngine\Math.h(75,14): warning C4244: return: преобразование "double" в "float", возможна потеря данных
  GL20RenderTexture.cpp
  GL20Texture2D.cpp
  GL20TextureSampler.cpp
C:\Users\mikhail7975\Documents\GitHub\GraphicProject\GraphicsEngine\Sources\GraphicsEngine\GraphicsApi\OpenGL20\GL20TextureSampler.cpp(119,52): warning C4244: аргумент: преобразование "const GLint" в "GLfloat", возможна потеря данных
C:\Users\mikhail7975\Documents\GitHub\GraphicProject\GraphicsEngine\Sources\GraphicsEngine\GraphicsApi\OpenGL20\GL20TextureSampler.cpp(120,52): warning C4244: аргумент: преобразование "const GLint" в "GLfloat", возможна потеря данных
  TextureImpl.cpp
  GraphicsEngine.cpp
C:\Users\mikhail7975\Documents\GitHub\GraphicProject\GraphicsEngine\Sources\GraphicsEngine\Math.h(75,14): warning C4244: return: преобразование "double" в "float", возможна потеря данных
  GraphicsEngineFabric.cpp
C:\Users\mikhail7975\Documents\GitHub\GraphicProject\GraphicsEngine\Sources\GraphicsEngine\Math.h(75,14): warning C4244: return: преобразование "double" в "float", возможна потеря данных
  Компиляция...
  GUI.cpp
  Input.cpp
C:\Users\mikhail7975\Documents\GitHub\GraphicProject\GraphicsEngine\Sources\GraphicsEngine\Math.h(75,14): warning C4244: return: преобразование "double" в "float", возможна потеря данных
  GraphicsDevice.cpp
C:\Users\mikhail7975\Documents\GitHub\GraphicProject\GraphicsEngine\Sources\GraphicsEngine\Math.h(75,14): warning C4244: return: преобразование "double" в "float", возможна потеря данных
  InternalApplication.cpp
C:\Users\mikhail7975\Documents\GitHub\GraphicProject\GraphicsEngine\Sources\GraphicsEngine\Math.h(75,14): warning C4244: return: преобразование "double" в "float", возможна потеря данных
  InternalGUI.cpp
C:\Users\mikhail7975\Documents\GitHub\GraphicProject\GraphicsEngine\Sources\GraphicsEngine\Math.h(75,14): warning C4244: return: преобразование "double" в "float", возможна потеря данных
  InternalInput.cpp
C:\Users\mikhail7975\Documents\GitHub\GraphicProject\GraphicsEngine\Sources\GraphicsEngine\Math.h(75,14): warning C4244: return: преобразование "double" в "float", возможна потеря данных
  ObjectStorage.cpp
C:\Users\mikhail7975\Documents\GitHub\GraphicProject\GraphicsEngine\Sources\GraphicsEngine\Math.h(75,14): warning C4244: return: преобразование "double" в "float", возможна потеря данных
  Material.cpp
C:\Users\mikhail7975\Documents\GitHub\GraphicProject\GraphicsEngine\Sources\GraphicsEngine\Math.h(75,14): warning C4244: return: преобразование "double" в "float", возможна потеря данных
  MaterialSand.cpp
C:\Users\mikhail7975\Documents\GitHub\GraphicProject\GraphicsEngine\Sources\GraphicsEngine\Math.h(75,14): warning C4244: return: преобразование "double" в "float", возможна потеря данных
  MaterialDiffuse.cpp
C:\Users\mikhail7975\Documents\GitHub\GraphicProject\GraphicsEngine\Sources\GraphicsEngine\Math.h(75,14): warning C4244: return: преобразование "double" в "float", возможна потеря данных
  MaterialUnlit.cpp
C:\Users\mikhail7975\Documents\GitHub\GraphicProject\GraphicsEngine\Sources\GraphicsEngine\Math.h(75,14): warning C4244: return: преобразование "double" в "float", возможна потеря данных
  MaterialUnlitSimple.cpp
C:\Users\mikhail7975\Documents\GitHub\GraphicProject\GraphicsEngine\Sources\GraphicsEngine\Math.h(75,14): warning C4244: return: преобразование "double" в "float", возможна потеря данных
  Mesh.cpp
C:\Users\mikhail7975\Documents\GitHub\GraphicProject\GraphicsEngine\Sources\GraphicsEngine\Math.h(75,14): warning C4244: return: преобразование "double" в "float", возможна потеря данных
  MeshCube.cpp
C:\Users\mikhail7975\Documents\GitHub\GraphicProject\GraphicsEngine\Sources\GraphicsEngine\Math.h(75,14): warning C4244: return: преобразование "double" в "float", возможна потеря данных
  MeshCylinder.cpp
C:\Users\mikhail7975\Documents\GitHub\GraphicProject\GraphicsEngine\Sources\GraphicsEngine\Math.h(75,14): warning C4244: return: преобразование "double" в "float", возможна потеря данных
  MeshObjFile.cpp
C:\Users\mikhail7975\Documents\GitHub\GraphicProject\GraphicsEngine\Sources\GraphicsEngine\Math.h(75,14): warning C4244: return: преобразование "double" в "float", возможна потеря данных
  MeshPlane.cpp
C:\Users\mikhail7975\Documents\GitHub\GraphicProject\GraphicsEngine\Sources\GraphicsEngine\Math.h(75,14): warning C4244: return: преобразование "double" в "float", возможна потеря данных
  MeshQuad.cpp
C:\Users\mikhail7975\Documents\GitHub\GraphicProject\GraphicsEngine\Sources\GraphicsEngine\Math.h(75,14): warning C4244: return: преобразование "double" в "float", возможна потеря данных
  MeshSphere.cpp
C:\Users\mikhail7975\Documents\GitHub\GraphicProject\GraphicsEngine\Sources\GraphicsEngine\Math.h(75,14): warning C4244: return: преобразование "double" в "float", возможна потеря данных
  MeshTriangle.cpp
C:\Users\mikhail7975\Documents\GitHub\GraphicProject\GraphicsEngine\Sources\GraphicsEngine\Math.h(75,14): warning C4244: return: преобразование "double" в "float", возможна потеря данных
  Компиляция...
  Object.cpp
C:\Users\mikhail7975\Documents\GitHub\GraphicProject\GraphicsEngine\Sources\GraphicsEngine\Math.h(75,14): warning C4244: return: преобразование "double" в "float", возможна потеря данных
  WinInput.cpp
C:\Users\mikhail7975\Documents\GitHub\GraphicProject\GraphicsEngine\Sources\GraphicsEngine\Math.h(75,14): warning C4244: return: преобразование "double" в "float", возможна потеря данных
  WinWindow.cpp
  RenderTexture.cpp
C:\Users\mikhail7975\Documents\GitHub\GraphicProject\GraphicsEngine\Sources\GraphicsEngine\Math.h(75,14): warning C4244: return: преобразование "double" в "float", возможна потеря данных
  Scene.cpp
C:\Users\mikhail7975\Documents\GitHub\GraphicProject\GraphicsEngine\Sources\GraphicsEngine\Math.h(75,14): warning C4244: return: преобразование "double" в "float", возможна потеря данных
  Screen.cpp
  Texture2D.cpp
C:\Users\mikhail7975\Documents\GitHub\GraphicProject\GraphicsEngine\Sources\GraphicsEngine\Math.h(75,14): warning C4244: return: преобразование "double" в "float", возможна потеря данных
  Time.cpp
  Transform.cpp
C:\Users\mikhail7975\Documents\GitHub\GraphicProject\GraphicsEngine\Sources\GraphicsEngine\Math.h(75,14): warning C4244: return: преобразование "double" в "float", возможна потеря данных
  Vector3.cpp
C:\Users\mikhail7975\Documents\GitHub\GraphicProject\GraphicsEngine\Sources\GraphicsEngine\Math.h(75,14): warning C4244: return: преобразование "double" в "float", возможна потеря данных
  main.cpp
C:\Users\mikhail7975\Documents\GitHub\GraphicProject\GraphicsEngine\Sources\GraphicsEngine\Math.h(75,14): warning C4244: return: преобразование "double" в "float", возможна потеря данных
C:\Users\mikhail7975\Documents\GitHub\GraphicProject\GraphicsEngine\Sources\Tasks\FpsCounter.h(45,22): warning C4244: аргумент: преобразование "double" в "int", возможна потеря данных
C:\Users\mikhail7975\Documents\GitHub\GraphicProject\GraphicsEngine\Sources\Tasks\FpsCounter.h(45,15): warning C4244: аргумент: преобразование "double" в "int", возможна потеря данных
  CubeMaterials.cpp
C:\Users\mikhail7975\Documents\GitHub\GraphicProject\GraphicsEngine\Sources\GraphicsEngine\Math.h(75,14): warning C4244: return: преобразование "double" в "float", возможна потеря данных
  CylinderMaterials.cpp
C:\Users\mikhail7975\Documents\GitHub\GraphicProject\GraphicsEngine\Sources\GraphicsEngine\Math.h(75,14): warning C4244: return: преобразование "double" в "float", возможна потеря данных
  HighwayMaterials.cpp
C:\Users\mikhail7975\Documents\GitHub\GraphicProject\GraphicsEngine\Sources\GraphicsEngine\Math.h(75,14): warning C4244: return: преобразование "double" в "float", возможна потеря данных
  MaterialCoolEarth.cpp
C:\Users\mikhail7975\Documents\GitHub\GraphicProject\GraphicsEngine\Sources\GraphicsEngine\Math.h(75,14): warning C4244: return: преобразование "double" в "float", возможна потеря данных
  MaterialEarth.cpp
C:\Users\mikhail7975\Documents\GitHub\GraphicProject\GraphicsEngine\Sources\GraphicsEngine\Math.h(75,14): warning C4244: return: преобразование "double" в "float", возможна потеря данных
  Создание кода
  1133 of 1149 functions (98.6%) were compiled, the rest were copied from previous compilation.
    7 functions were new in current compilation
    2 functions had inline decision re-evaluated but remain unchanged
  Создание кода завершено
  vs2010.vcxproj -> C:\Users\mikhail7975\Documents\GitHub\GraphicProject\GraphicsEngine\vs2010\..\BUILD\Release\GraphicsEngine.exe
  ..\SDKs\OpenGL\dll\freeglut.dll
  ..\SDKs\OpenGL\dll\FreeImage.dll
  ..\SDKs\OpenGL\dll\glew32.dll
  Скопировано файлов: 3.
  ..\Sources\GraphicsEngine\Shaders\DX11\ShaderDiffuse.fx
  ..\Sources\GraphicsEngine\Shaders\DX11\ShaderSand.fx
  ..\Sources\GraphicsEngine\Shaders\DX11\ShaderUnlit.fx
  ..\Sources\GraphicsEngine\Shaders\DX11\ShaderUnlitSimple.fx
  ..\Sources\GraphicsEngine\Shaders\DX9\ShaderDiffuse.ps
  ..\Sources\GraphicsEngine\Shaders\DX9\ShaderDiffuse.vs
  ..\Sources\GraphicsEngine\Shaders\DX9\ShaderSand.ps
  ..\Sources\GraphicsEngine\Shaders\DX9\ShaderSand.vs
  ..\Sources\GraphicsEngine\Shaders\DX9\ShaderUnlit.ps
  ..\Sources\GraphicsEngine\Shaders\DX9\ShaderUnlit.vs
  ..\Sources\GraphicsEngine\Shaders\DX9\ShaderUnlitSimple.ps
  ..\Sources\GraphicsEngine\Shaders\DX9\ShaderUnlitSimple.vs
  ..\Sources\GraphicsEngine\Shaders\GL20\ShaderCoolEarth.fs
  ..\Sources\GraphicsEngine\Shaders\GL20\ShaderCoolEarth.vs
  ..\Sources\GraphicsEngine\Shaders\GL20\ShaderDiffuse.fs
  ..\Sources\GraphicsEngine\Shaders\GL20\ShaderDiffuse.vs
  ..\Sources\GraphicsEngine\Shaders\GL20\ShaderEarth.fs
  ..\Sources\GraphicsEngine\Shaders\GL20\ShaderEarth.vs
  ..\Sources\GraphicsEngine\Shaders\GL20\ShaderHighway.fs
  ..\Sources\GraphicsEngine\Shaders\GL20\ShaderHighway.vs
  ..\Sources\GraphicsEngine\Shaders\GL20\ShaderSand.fs
  ..\Sources\GraphicsEngine\Shaders\GL20\ShaderSand.vs
  ..\Sources\GraphicsEngine\Shaders\GL20\ShaderUnlit.fs
  ..\Sources\GraphicsEngine\Shaders\GL20\ShaderUnlit.vs
  ..\Sources\GraphicsEngine\Shaders\GL20\ShaderUnlitCube.fs
  ..\Sources\GraphicsEngine\Shaders\GL20\ShaderUnlitCube.vs
  ..\Sources\GraphicsEngine\Shaders\GL20\ShaderUnlitCylinder.fs
  ..\Sources\GraphicsEngine\Shaders\GL20\ShaderUnlitCylinder.vs
  ..\Sources\GraphicsEngine\Shaders\GL20\ShaderUnlitSimple.fs
  ..\Sources\GraphicsEngine\Shaders\GL20\ShaderUnlitSimple.vs
  Скопировано файлов: 30.
