  main.cpp
C:\Users\mikhail7975\Documents\GitHub\GraphicProject\GraphicsEngine\Sources\GraphicsEngine\Math.h(75,14): warning C4244: return: преобразование "double" в "float", возможна потеря данных
C:\Users\mikhail7975\Documents\GitHub\GraphicProject\GraphicsEngine\Sources\Tasks\FpsCounter.h(45,22): warning C4244: аргумент: преобразование "double" в "int", возможна потеря данных
C:\Users\mikhail7975\Documents\GitHub\GraphicProject\GraphicsEngine\Sources\Tasks\FpsCounter.h(45,15): warning C4244: аргумент: преобразование "double" в "int", возможна потеря данных
CollisionDetector.obj : warning LNK4075: не учитывается "/EDITANDCONTINUE" из-за спецификации "/INCREMENTAL:NO"
  vs2010.vcxproj -> C:\Users\mikhail7975\Documents\GitHub\GraphicProject\GraphicsEngine\vs2010\..\BUILD\Debug\GraphicsEngine\GraphicsEngine.exe
  ..\SDKs\OpenGL\dll\freeglut.dll
  ..\SDKs\OpenGL\dll\FreeImage.dll
  ..\SDKs\OpenGL\dll\glew32.dll
  Скопировано файлов: 3.
  ..\Sources\GraphicsEngine\Shaders\DX11\ShaderDiffuse.fx
  ..\Sources\GraphicsEngine\Shaders\DX11\ShaderSand.fx
  ..\Sources\GraphicsEngine\Shaders\DX11\ShaderUnlit.fx
  ..\Sources\GraphicsEngine\Shaders\DX11\ShaderUnlitSimple.fx
  ..\Sources\GraphicsEngine\Shaders\DX9\ShaderDiffuse.ps
  ..\Sources\GraphicsEngine\Shaders\DX9\ShaderDiffuse.vs
  ..\Sources\GraphicsEngine\Shaders\DX9\ShaderSand.ps
  ..\Sources\GraphicsEngine\Shaders\DX9\ShaderSand.vs
  ..\Sources\GraphicsEngine\Shaders\DX9\ShaderUnlit.ps
  ..\Sources\GraphicsEngine\Shaders\DX9\ShaderUnlit.vs
  ..\Sources\GraphicsEngine\Shaders\DX9\ShaderUnlitSimple.ps
  ..\Sources\GraphicsEngine\Shaders\DX9\ShaderUnlitSimple.vs
  ..\Sources\GraphicsEngine\Shaders\GL20\ShaderCoolEarth.fs
  ..\Sources\GraphicsEngine\Shaders\GL20\ShaderCoolEarth.vs
  ..\Sources\GraphicsEngine\Shaders\GL20\ShaderDiffuse.fs
  ..\Sources\GraphicsEngine\Shaders\GL20\ShaderDiffuse.vs
  ..\Sources\GraphicsEngine\Shaders\GL20\ShaderEarth.fs
  ..\Sources\GraphicsEngine\Shaders\GL20\ShaderEarth.vs
  ..\Sources\GraphicsEngine\Shaders\GL20\ShaderHighway.fs
  ..\Sources\GraphicsEngine\Shaders\GL20\ShaderHighway.vs
  ..\Sources\GraphicsEngine\Shaders\GL20\ShaderSand.fs
  ..\Sources\GraphicsEngine\Shaders\GL20\ShaderSand.vs
  ..\Sources\GraphicsEngine\Shaders\GL20\ShaderUnlit.fs
  ..\Sources\GraphicsEngine\Shaders\GL20\ShaderUnlit.vs
  ..\Sources\GraphicsEngine\Shaders\GL20\ShaderUnlitCube.fs
  ..\Sources\GraphicsEngine\Shaders\GL20\ShaderUnlitCube.vs
  ..\Sources\GraphicsEngine\Shaders\GL20\ShaderUnlitCylinder.fs
  ..\Sources\GraphicsEngine\Shaders\GL20\ShaderUnlitCylinder.vs
  ..\Sources\GraphicsEngine\Shaders\GL20\ShaderUnlitSimple.fs
  ..\Sources\GraphicsEngine\Shaders\GL20\ShaderUnlitSimple.vs
  Скопировано файлов: 30.
  ..\Data\Cartoon_Turtle.obj
  ..\Data\ChessBoard.png
  ..\Data\Earth_Albedo.jpg
  ..\Data\Earth_Albedo1.jpg
  ..\Data\Earth_NormalMap.jpg
  ..\Data\kek.jpg
  ..\Data\MeshCube.mtl
  ..\Data\MeshCube.obj
  ..\Data\MeshHouse.mtl
  ..\Data\MeshHouse.obj
  ..\Data\MeshSphere.mtl
  ..\Data\MeshSphere.obj
  ..\Data\PLANE.mtl
  ..\Data\PLANE.obj
  ..\Data\road_1.jpg
  ..\Data\road_2.jpg
  ..\Data\road_3.jpg
  ..\Data\sand.jpg
  Скопировано файлов: 18.
